<?xml version="1.0" encoding="UTF-8"?>
<!-- Generated by org.testng.reporters.JUnitReportReporter -->
<testsuite skipped="0" hostname="savitha-PC" name="Scripts.TestValidLogin" tests="2" failures="0" timestamp="14 Aug 2018 17:05:18 GMT" time="159.418" errors="0">
  <testcase name="validLogin" time="54.767" classname="Scripts.TestValidLogin"/>
  <testcase name="validLogin" time="104.651" classname="Scripts.TestValidLogin"/>
</testsuite> <!-- Scripts.TestValidLogin -->
