<?xml version="1.0" encoding="UTF-8"?>
<!-- Generated by org.testng.reporters.JUnitReportReporter -->
<testsuite skipped="0" hostname="savitha-PC" name="Scripts.TestValidLogin" tests="1" failures="0" timestamp="15 Aug 2018 14:48:27 GMT" time="31.275" errors="0">
  <testcase name="validLogin" time="31.275" classname="Scripts.TestValidLogin"/>
</testsuite> <!-- Scripts.TestValidLogin -->
