<?xml version="1.0" encoding="UTF-8"?>
<!-- Generated by org.testng.reporters.JUnitReportReporter -->
<testsuite skipped="0" hostname="savitha-PC" name="Scripts.TestInvalidLogin" tests="2" failures="0" timestamp="15 Aug 2018 14:39:16 GMT" time="100.911" errors="0">
  <testcase name="inValidLogin" time="52.566" classname="Scripts.TestInvalidLogin"/>
  <testcase name="inValidLogin" time="48.345" classname="Scripts.TestInvalidLogin"/>
</testsuite> <!-- Scripts.TestInvalidLogin -->
