<?xml version="1.0" encoding="UTF-8"?>
<!-- Generated by org.testng.reporters.JUnitReportReporter -->
<testsuite skipped="0" hostname="savitha-PC" name="Scripts.ValidActiTimeVersion" tests="2" failures="0" timestamp="15 Aug 2018 14:39:16 GMT" time="45.183" errors="0">
  <testcase name="ValidActiTimeVersion" time="24.757" classname="Scripts.ValidActiTimeVersion"/>
  <testcase name="ValidActiTimeVersion" time="20.426" classname="Scripts.ValidActiTimeVersion"/>
</testsuite> <!-- Scripts.ValidActiTimeVersion -->
