<?xml version="1.0" encoding="UTF-8"?>
<!-- Generated by org.testng.reporters.JUnitReportReporter -->
<testsuite skipped="0" hostname="savitha-PC" name="Scripts.UserCreation" tests="1" failures="0" timestamp="16 Aug 2018 17:36:38 GMT" time="40.105" errors="0">
  <testcase name="validLogin" time="40.105" classname="Scripts.UserCreation"/>
</testsuite> <!-- Scripts.UserCreation -->
