<?xml version="1.0" encoding="UTF-8"?>
<!-- Generated by org.testng.reporters.JUnitReportReporter -->
<testsuite skipped="0" hostname="savitha-PC" name="Scripts.TestInvalidLogin" tests="2" failures="0" timestamp="14 Aug 2018 05:45:18 GMT" time="98.080" errors="0">
  <testcase name="inValidLogin" time="48.888" classname="Scripts.TestInvalidLogin"/>
  <testcase name="inValidLogin" time="49.192" classname="Scripts.TestInvalidLogin"/>
</testsuite> <!-- Scripts.TestInvalidLogin -->
