<?xml version="1.0" encoding="UTF-8"?>
<!-- Generated by org.testng.reporters.JUnitReportReporter -->
<testsuite skipped="0" hostname="savitha-PC" name="Scripts.ValidActiTimeVersion" tests="2" failures="0" timestamp="14 Aug 2018 05:45:18 GMT" time="40.021" errors="0">
  <testcase name="ValidActiTimeVersion" time="21.179" classname="Scripts.ValidActiTimeVersion"/>
  <testcase name="ValidActiTimeVersion" time="18.842" classname="Scripts.ValidActiTimeVersion"/>
</testsuite> <!-- Scripts.ValidActiTimeVersion -->
