<?xml version="1.0" encoding="UTF-8"?>
<!-- Generated by org.testng.reporters.JUnitReportReporter -->
<testsuite skipped="0" hostname="savitha-PC" name="Scripts.TestValidLogin" tests="2" failures="0" timestamp="14 Aug 2018 05:45:18 GMT" time="66.867" errors="0">
  <testcase name="validLogin" time="26.714" classname="Scripts.TestValidLogin"/>
  <testcase name="validLogin" time="40.153" classname="Scripts.TestValidLogin"/>
</testsuite> <!-- Scripts.TestValidLogin -->
